<?xml version="1.0" encoding="UTF-8"?>
<testng-results skipped="0" failed="0" total="1" passed="1">
  <reporter-output>
  </reporter-output>
  <suite name="Default suite" duration-ms="32863" started-at="2019-10-12T09:42:21Z" finished-at="2019-10-12T09:42:54Z">
    <groups>
    </groups>
    <test name="Default test" duration-ms="32863" started-at="2019-10-12T09:42:21Z" finished-at="2019-10-12T09:42:54Z">
      <class name="Automation.php.TestCasesTour">
        <test-method status="PASS" signature="tourSearch()[pri:0, instance:Automation.php.TestCasesTour@7cdbc5d3]" name="tourSearch" duration-ms="32834" started-at="2019-10-12T15:12:21Z" finished-at="2019-10-12T15:12:54Z">
          <reporter-output>
          </reporter-output>
        </test-method> <!-- tourSearch -->
      </class> <!-- Automation.php.TestCasesTour -->
    </test> <!-- Default test -->
  </suite> <!-- Default suite -->
</testng-results>
